<?xml version="1.0" encoding="UTF-8"?>
<!-- Generated by org.testng.reporters.JUnitReportReporter -->
<testsuite hostname="vYAGVD" name="com.ERP.master.Exeng" tests="3" failures="0" timestamp="25 Aug 2016 11:08:55 GMT" time="52.920" errors="0">
  <testcase name="Uom" time="30.536" classname="com.ERP.master.Exeng"/>
  <testcase name="Uom" time="11.096" classname="com.ERP.master.Exeng"/>
  <testcase name="Uom" time="11.288" classname="com.ERP.master.Exeng"/>
</testsuite> <!-- com.ERP.master.Exeng -->
