<?xml version="1.0" encoding="UTF-8"?>
<!-- Generated by org.testng.reporters.JUnitReportReporter -->
<testsuite hostname="vYAGVD" name="com.ERP.master.tesdtng" tests="2" failures="0" timestamp="24 Aug 2016 11:13:18 GMT" time="0.016" errors="0">
  <testcase name="dfg" time="0.001" classname="com.ERP.master.tesdtng"/>
  <testcase name="abc" time="0.015" classname="com.ERP.master.tesdtng"/>
</testsuite> <!-- com.ERP.master.tesdtng -->
