<?xml version="1.0" encoding="UTF-8"?>
<!-- Generated by org.testng.reporters.JUnitReportReporter -->
<testsuite hostname="vYAGVD" name="com.ERP.master.pomexe" tests="1" failures="0" timestamp="29 Aug 2016 08:50:21 GMT" time="26.521" errors="0">
  <testcase name="loginexe" time="26.521" classname="com.ERP.master.pomexe"/>
</testsuite> <!-- com.ERP.master.pomexe -->
