<?xml version="1.0" encoding="UTF-8"?>
<!-- Generated by org.testng.reporters.JUnitReportReporter -->
<testsuite hostname="vYAGVD" name="com.ERP.master.pommultidata" tests="5" failures="0" timestamp="29 Aug 2016 11:38:36 GMT" time="86.341" errors="0">
  <testcase name="pomactions" time="20.040" classname="com.ERP.master.pommultidata"/>
  <testcase name="pomactions" time="20.441" classname="com.ERP.master.pommultidata"/>
  <testcase name="multillogin" time="13.512" classname="com.ERP.master.pommultidata"/>
  <testcase name="multillogin" time="13.566" classname="com.ERP.master.pommultidata"/>
  <testcase name="pomactions" time="18.782" classname="com.ERP.master.pommultidata"/>
</testsuite> <!-- com.ERP.master.pommultidata -->
