<?xml version="1.0" encoding="UTF-8"?>
<!-- Generated by org.testng.reporters.JUnitReportReporter -->
<testsuite hostname="vYAGVD" name="com.ERP.master.sup" tests="2" failures="0" timestamp="29 Aug 2016 08:52:18 GMT" time="23.670" errors="0">
  <testcase name="su" time="11.773" classname="com.ERP.master.sup"/>
  <testcase name="su" time="11.897" classname="com.ERP.master.sup"/>
</testsuite> <!-- com.ERP.master.sup -->
