<?xml version="1.0" encoding="UTF-8"?>
<!-- Generated by org.testng.reporters.JUnitReportReporter -->
<testsuite hostname="vYAGVD" name="com.ERP.master.Stockng" tests="2" failures="0" timestamp="25 Aug 2016 11:08:55 GMT" time="12.650" errors="0">
  <testcase name="Stock" time="6.201" classname="com.ERP.master.Stockng"/>
  <testcase name="Stock" time="6.449" classname="com.ERP.master.Stockng"/>
</testsuite> <!-- com.ERP.master.Stockng -->
